[90m[main 2025-09-25T13:15:21.936Z][0m WindsurfWindowsMainManager: Window will load {
  windowId: 1,
  workspaceUri: {
    id: '2a90a75f923e96be2abdeb89357b37d5',
    uri: sn {
      scheme: 'file',
      authority: '',
      path: '/home/nodove/workspace/Capstone',
      query: '',
      fragment: '',
      _formatted: 'file:///home/nodove/workspace/Capstone',
      _fsPath: '/home/nodove/workspace/Capstone'
    }
  }
}
[90m[main 2025-09-25T13:15:21.945Z][0m update#setState idle
[40825:0925/221522.558594:ERROR:mime_util_xdg.cc(137)] Invalid mime.cache file does not contain null prior to ALIAS_LIST_OFFSET=44
[40867:0925/221549.112715:ERROR:gl_surface_presentation_helper.cc(260)] GetVSyncParametersIfAvailable() failed for 1 times!
[40867:0925/221549.129332:ERROR:gl_surface_presentation_helper.cc(260)] GetVSyncParametersIfAvailable() failed for 2 times!
[40867:0925/221549.146493:ERROR:gl_surface_presentation_helper.cc(260)] GetVSyncParametersIfAvailable() failed for 3 times!
[90m[main 2025-09-25T13:15:51.946Z][0m update#setState checking for updates
[90m[main 2025-09-25T13:15:52.137Z][0m update#setState available for download
Error: Failed to open Wayland display, fallback to X11. WAYLAND_DISPLAY='wayland-0' DISPLAY=':0'
[40825:0925/230549.843824:ERROR:browser_main_loop.cc(278)] GLib-GObject: ../glib/gobject/gsignal.c:2699: instance '0x17c0319bc00' has no handler with id '2488'
[90m[main 2025-09-25T14:05:49.855Z][0m update#setState idle
Error: Failed to open Wayland display, fallback to X11. WAYLAND_DISPLAY='wayland-0' DISPLAY=':0'
[90m[main 2025-09-25T14:06:27.934Z][0m WindsurfWindowsMainManager: Window will close {
  windowId: 1,
  workspaceUri: {
    id: '2a90a75f923e96be2abdeb89357b37d5',
    uri: sn {
      scheme: 'file',
      authority: '',
      path: '/home/nodove/workspace/Capstone',
      query: '',
      fragment: '',
      _formatted: 'file:///home/nodove/workspace/Capstone',
      _fsPath: '/home/nodove/workspace/Capstone'
    }
  }
}
[90m[main 2025-09-25T14:06:28.162Z][0m WindsurfWindowsMainManager: Shutdown initiated, capturing current window group state
[90m[main 2025-09-25T14:06:28.166Z][0m Extension host with pid 41139 exited with code: 0, signal: unknown.
[90m[main 2025-09-25T14:13:21.778Z][0m WindsurfWindowsMainManager: Window will load {
  windowId: 1,
  workspaceUri: {
    id: '2a90a75f923e96be2abdeb89357b37d5',
    uri: sn {
      scheme: 'file',
      authority: '',
      path: '/home/nodove/workspace/Capstone',
      query: '',
      fragment: '',
      _formatted: 'file:///home/nodove/workspace/Capstone',
      _fsPath: '/home/nodove/workspace/Capstone'
    }
  }
}
[90m[main 2025-09-25T14:13:21.788Z][0m update#setState idle
[69985:0925/231322.415063:ERROR:mime_util_xdg.cc(137)] Invalid mime.cache file does not contain null prior to ALIAS_LIST_OFFSET=44
[70027:0925/231340.566298:ERROR:gl_surface_presentation_helper.cc(260)] GetVSyncParametersIfAvailable() failed for 1 times!
[70027:0925/231340.574217:ERROR:gl_surface_presentation_helper.cc(260)] GetVSyncParametersIfAvailable() failed for 2 times!
[70027:0925/231340.584676:ERROR:gl_surface_presentation_helper.cc(260)] GetVSyncParametersIfAvailable() failed for 3 times!
[90m[main 2025-09-25T14:13:51.789Z][0m update#setState checking for updates
[90m[main 2025-09-25T14:13:51.975Z][0m update#setState idle
[90m[main 2025-09-25T14:32:00.866Z][0m WindsurfWindowsMainManager: Window will load {
  windowId: 2,
  workspaceUri: {
    id: 'c20a1703514789710913bb9dfaa2cc11',
    uri: sn {
      scheme: 'file',
      authority: '',
      path: '/home/nodove/workspace/corporate-nexus-stream',
      query: '',
      fragment: '',
      _formatted: 'file:///home/nodove/workspace/corporate-nexus-stream',
      _fsPath: '/home/nodove/workspace/corporate-nexus-stream'
    }
  }
}
[90m[main 2025-09-25T14:34:53.488Z][0m WindsurfWindowsMainManager: Window will load {
  windowId: 3,
  workspaceUri: {
    id: 'f3540a18bad3b488f6332a896f4b6d7e',
    uri: sn {
      scheme: 'file',
      authority: '',
      path: '/home/nodove/workspace/AI-pair-programmer',
      query: '',
      fragment: '',
      _formatted: 'file:///home/nodove/workspace/AI-pair-programmer',
      _fsPath: '/home/nodove/workspace/AI-pair-programmer'
    }
  }
}
Error: Failed to open Wayland display, fallback to X11. WAYLAND_DISPLAY='wayland-0' DISPLAY=':0'
[69985:0925/234225.159625:ERROR:browser_main_loop.cc(278)] GLib-GObject: ../glib/gobject/gsignal.c:2699: instance '0x17ac015a10c0' has no handler with id '5430'
Error: Failed to open Wayland display, fallback to X11. WAYLAND_DISPLAY='wayland-0' DISPLAY=':0'
Error: Failed to open Wayland display, fallback to X11. WAYLAND_DISPLAY='wayland-0' DISPLAY=':0'
Error: Failed to open Wayland display, fallback to X11. WAYLAND_DISPLAY='wayland-0' DISPLAY=':0'
Error: Failed to open Wayland display, fallback to X11. WAYLAND_DISPLAY='wayland-0' DISPLAY=':0'
Error: Failed to open Wayland display, fallback to X11. WAYLAND_DISPLAY='wayland-0' DISPLAY=':0'
Error: Failed to open Wayland display, fallback to X11. WAYLAND_DISPLAY='wayland-0' DISPLAY=':0'
Error: Failed to open Wayland display, fallback to X11. WAYLAND_DISPLAY='wayland-0' DISPLAY=':0'
Error: Failed to open Wayland display, fallback to X11. WAYLAND_DISPLAY='wayland-0' DISPLAY=':0'
[69985:0926/001131.434808:ERROR:atom_cache.cc(229)] Add chromium/from-privileged to kAtomsToCache
[90m[main 2025-09-25T15:13:51.792Z][0m update#setState checking for updates
[90m[main 2025-09-25T15:13:52.541Z][0m update#setState idle
[69985:0926/001927.121412:ERROR:atom_cache.cc(229)] Add code/file-list to kAtomsToCache
Error: Failed to open Wayland display, fallback to X11. WAYLAND_DISPLAY='wayland-0' DISPLAY=':0'
Error: Failed to open Wayland display, fallback to X11. WAYLAND_DISPLAY='wayland-0' DISPLAY=':0'
